<?xml version="1.0" encoding="UTF-8"?>
<!-- Generated by org.testng.reporters.JUnitReportReporter -->
<testsuite hostname="LAPTOP-F8VFH2TR" name="com.uitap.tests.UITAPTest" tests="3" failures="0" timestamp="29 Oct 2022 14:37:47 GMT" time="35.020" errors="0">
  <testcase name="sampleAppTest" time="10.654" classname="com.uitap.tests.UITAPTest"/>
  <testcase name="TextInputTest" time="13.825" classname="com.uitap.tests.UITAPTest"/>
  <testcase name="OverlappedElementTest" time="10.541" classname="com.uitap.tests.UITAPTest"/>
</testsuite> <!-- com.uitap.tests.UITAPTest -->
