<?xml version="1.0" encoding="UTF-8"?>
<!-- Generated by org.testng.reporters.JUnitReportReporter -->
<testsuite skipped="0" hostname="LAPTOP-F8VFH2TR" name="com.uitap.tests.UITAPTest" tests="3" failures="0" timestamp="2022-10-30T12:24:55 IST" time="30.712" errors="0">
  <testcase name="sampleAppTest" time="10.711" classname="com.uitap.tests.UITAPTest"/>
  <system-out/>
  <testcase name="OverlappedElementTest" time="8.971" classname="com.uitap.tests.UITAPTest"/>
  <system-out/>
  <testcase name="TextInputTest" time="11.030" classname="com.uitap.tests.UITAPTest"/>
  <system-out/>
</testsuite> <!-- com.uitap.tests.UITAPTest -->
